2020-06-21 08:48:18,703 INFO notifyConnectTimeout:200

2020-06-21 08:48:18,703 INFO notifySocketTimeout:8000

2020-06-21 08:48:18,703 INFO isHealthCheck:true

2020-06-21 08:48:18,703 INFO maxHealthCheckFailCount:12

2020-06-21 08:48:18,703 INFO maxContent:10485760

2020-06-21 08:48:18,703 INFO spring.datasource.platform:mysql

2020-06-21 08:48:20,483 INFO ServerListService address-server port:8080

2020-06-21 08:48:20,483 INFO ADDRESS_SERVER_URL:http://jmenv.tbsite.net:8080/nacos/serverlist

2020-06-21 08:48:20,493 WARN [serverlist] updated to [192.168.2.202:8848]

2020-06-21 08:48:20,538 WARN DumpService start

2020-06-21 08:48:20,538 INFO start clear all config-info.

2020-06-21 08:48:20,543 WARN clear all config-info failed.

2020-06-21 08:48:20,543 WARN clear all config-info-tenant failed.

2020-06-21 08:48:20,563 INFO start clear all config-info-beta.

2020-06-21 08:48:20,563 WARN clear all config-info-beta failed.

2020-06-21 08:48:20,563 WARN clear all config-info-beta-tenant failed.

2020-06-21 08:48:20,568 INFO start clear all config-info-tag.

2020-06-21 08:48:20,568 WARN clear all config-info-tag failed.

2020-06-21 08:48:20,568 WARN clear all config-info-tag-tenant failed.

2020-06-21 10:10:52,957 INFO notifyConnectTimeout:200

2020-06-21 10:10:52,959 INFO notifySocketTimeout:8000

2020-06-21 10:10:52,959 INFO isHealthCheck:true

2020-06-21 10:10:52,959 INFO maxHealthCheckFailCount:12

2020-06-21 10:10:52,959 INFO maxContent:10485760

2020-06-21 10:10:52,959 INFO spring.datasource.platform:mysql

2020-06-21 10:10:54,165 INFO ServerListService address-server port:8080

2020-06-21 10:10:54,165 INFO ADDRESS_SERVER_URL:http://jmenv.tbsite.net:8080/nacos/serverlist

2020-06-21 10:10:54,166 WARN [serverlist] updated to [192.168.2.202:8848]

2020-06-21 10:10:54,227 WARN DumpService start

2020-06-21 10:10:54,229 INFO start clear all config-info.

2020-06-21 10:10:54,233 WARN clear all config-info failed.

2020-06-21 10:10:54,233 WARN clear all config-info-tenant failed.

2020-06-21 10:10:54,252 INFO start clear all config-info-beta.

2020-06-21 10:10:54,252 WARN clear all config-info-beta failed.

2020-06-21 10:10:54,252 WARN clear all config-info-beta-tenant failed.

2020-06-21 10:10:54,256 INFO start clear all config-info-tag.

2020-06-21 10:10:54,256 WARN clear all config-info-tag failed.

2020-06-21 10:10:54,256 WARN clear all config-info-tag-tenant failed.

2020-06-21 12:27:35,741 INFO notifyConnectTimeout:200

2020-06-21 12:27:35,742 INFO notifySocketTimeout:8000

2020-06-21 12:27:35,742 INFO isHealthCheck:true

2020-06-21 12:27:35,743 INFO maxHealthCheckFailCount:12

2020-06-21 12:27:35,743 INFO maxContent:10485760

2020-06-21 12:27:35,743 INFO spring.datasource.platform:mysql

2020-06-21 12:27:37,012 INFO ServerListService address-server port:8080

2020-06-21 12:27:37,013 INFO ADDRESS_SERVER_URL:http://jmenv.tbsite.net:8080/nacos/serverlist

2020-06-21 12:27:37,013 WARN [serverlist] updated to [192.168.2.202:8848]

2020-06-21 12:27:37,071 WARN DumpService start

2020-06-21 12:27:37,073 INFO start clear all config-info.

2020-06-21 12:27:37,078 INFO clear all config-info success.

2020-06-21 12:27:37,079 INFO clear all config-info-tenant success.

2020-06-21 12:27:37,096 INFO start clear all config-info-beta.

2020-06-21 12:27:37,097 WARN clear all config-info-beta failed.

2020-06-21 12:27:37,097 WARN clear all config-info-beta-tenant failed.

2020-06-21 12:27:37,103 INFO start clear all config-info-tag.

2020-06-21 12:27:37,104 WARN clear all config-info-tag failed.

2020-06-21 12:27:37,104 WARN clear all config-info-tag-tenant failed.

2020-06-21 14:59:26,292 INFO notifyConnectTimeout:200

2020-06-21 14:59:26,294 INFO notifySocketTimeout:8000

2020-06-21 14:59:26,294 INFO isHealthCheck:true

2020-06-21 14:59:26,294 INFO maxHealthCheckFailCount:12

2020-06-21 14:59:26,294 INFO maxContent:10485760

2020-06-21 14:59:26,294 INFO spring.datasource.platform:mysql

2020-06-21 14:59:27,607 INFO ServerListService address-server port:8080

2020-06-21 14:59:27,607 INFO ADDRESS_SERVER_URL:http://jmenv.tbsite.net:8080/nacos/serverlist

2020-06-21 14:59:27,608 WARN [serverlist] updated to [192.168.2.202:8848]

2020-06-21 14:59:27,667 WARN DumpService start

2020-06-21 14:59:27,670 INFO start clear all config-info.

2020-06-21 14:59:27,674 WARN clear all config-info failed.

2020-06-21 14:59:27,676 INFO clear all config-info-tenant success.

2020-06-21 14:59:27,724 INFO [all-dump] 8 / 8

2020-06-21 14:59:27,724 INFO start clear all config-info-beta.

2020-06-21 14:59:27,724 WARN clear all config-info-beta failed.

2020-06-21 14:59:27,724 WARN clear all config-info-beta-tenant failed.

2020-06-21 14:59:27,727 INFO start clear all config-info-tag.

2020-06-21 14:59:27,728 WARN clear all config-info-tag failed.

2020-06-21 14:59:27,728 WARN clear all config-info-tag-tenant failed.

2020-06-21 15:05:11,558 INFO notifyConnectTimeout:200

2020-06-21 15:05:11,560 INFO notifySocketTimeout:8000

2020-06-21 15:05:11,560 INFO isHealthCheck:true

2020-06-21 15:05:11,560 INFO maxHealthCheckFailCount:12

2020-06-21 15:05:11,560 INFO maxContent:10485760

2020-06-21 15:05:11,560 INFO spring.datasource.platform:mysql

2020-06-21 15:05:12,785 INFO ServerListService address-server port:8080

2020-06-21 15:05:12,786 INFO ADDRESS_SERVER_URL:http://jmenv.tbsite.net:8080/nacos/serverlist

2020-06-21 15:05:12,786 WARN [serverlist] updated to [192.168.2.202:8848]

2020-06-21 15:05:12,840 WARN DumpService start

2020-06-21 15:05:12,842 INFO start clear all config-info.

2020-06-21 15:05:12,847 WARN clear all config-info failed.

2020-06-21 15:05:12,848 INFO clear all config-info-tenant success.

2020-06-21 15:05:12,892 INFO [all-dump] 8 / 8

2020-06-21 15:05:12,892 INFO start clear all config-info-beta.

2020-06-21 15:05:12,892 WARN clear all config-info-beta failed.

2020-06-21 15:05:12,892 WARN clear all config-info-beta-tenant failed.

2020-06-21 15:05:12,895 INFO start clear all config-info-tag.

2020-06-21 15:05:12,895 WARN clear all config-info-tag failed.

2020-06-21 15:05:12,895 WARN clear all config-info-tag-tenant failed.

