2020-06-21 08:48:50,614 INFO PERFORMANCE:|1|1|-1|-1

2020-06-21 08:53:50,625 INFO PERFORMANCE:|1|1|-1|-1

2020-06-21 08:58:50,625 INFO PERFORMANCE:|1|1|-1|-1

2020-06-21 09:03:50,635 INFO PERFORMANCE:|1|1|-1|-1

2020-06-21 09:08:50,635 INFO PERFORMANCE:|1|1|-1|-1

2020-06-21 09:13:50,648 INFO PERFORMANCE:|3|3|-1|-1

2020-06-21 09:18:50,650 INFO PERFORMANCE:|4|4|-1|-1

2020-06-21 09:23:50,665 INFO PERFORMANCE:|4|4|-1|-1

2020-06-21 09:28:50,666 INFO PERFORMANCE:|4|4|-1|-1

2020-06-21 09:33:50,666 INFO PERFORMANCE:|4|4|-1|-1

2020-06-21 09:38:50,667 INFO PERFORMANCE:|4|1|-1|-1

2020-06-21 09:43:50,667 INFO PERFORMANCE:|4|1|-1|-1

2020-06-21 10:11:24,280 INFO PERFORMANCE:|1|1|-1|-1

2020-06-21 10:16:24,282 INFO PERFORMANCE:|3|1|-1|-1

2020-06-21 10:21:24,283 INFO PERFORMANCE:|3|1|-1|-1

2020-06-21 10:26:24,293 INFO PERFORMANCE:|3|1|-1|-1

2020-06-21 10:31:24,294 INFO PERFORMANCE:|3|1|-1|-1

2020-06-21 10:36:24,294 INFO PERFORMANCE:|3|1|-1|-1

2020-06-21 10:41:24,296 INFO PERFORMANCE:|4|5|-1|-1

2020-06-21 10:46:24,297 INFO PERFORMANCE:|4|5|-1|-1

2020-06-21 10:51:24,298 INFO PERFORMANCE:|4|6|-1|-1

2020-06-21 10:56:24,299 INFO PERFORMANCE:|4|4|-1|-1

2020-06-21 11:01:24,300 INFO PERFORMANCE:|4|1|-1|-1

2020-06-21 11:06:24,301 INFO PERFORMANCE:|4|1|-1|-1

2020-06-21 11:11:24,302 INFO PERFORMANCE:|4|1|-1|-1

2020-06-21 11:16:24,303 INFO PERFORMANCE:|4|1|-1|-1

2020-06-21 11:21:24,303 INFO PERFORMANCE:|4|1|-1|-1

2020-06-21 11:26:24,305 INFO PERFORMANCE:|4|1|-1|-1

2020-06-21 11:31:24,307 INFO PERFORMANCE:|4|1|-1|-1

2020-06-21 11:36:24,309 INFO PERFORMANCE:|4|1|-1|-1

2020-06-21 11:41:24,310 INFO PERFORMANCE:|4|1|-1|-1

2020-06-21 11:46:24,311 INFO PERFORMANCE:|4|1|-1|-1

2020-06-21 11:51:24,313 INFO PERFORMANCE:|4|1|-1|-1

2020-06-21 11:56:24,314 INFO PERFORMANCE:|4|1|-1|-1

2020-06-21 12:01:24,314 INFO PERFORMANCE:|4|1|-1|-1

2020-06-21 12:06:24,315 INFO PERFORMANCE:|4|1|-1|-1

2020-06-21 12:11:24,316 INFO PERFORMANCE:|5|1|-1|-1

2020-06-21 12:16:24,318 INFO PERFORMANCE:|5|1|-1|-1

2020-06-21 12:21:24,319 INFO PERFORMANCE:|5|1|-1|-1

2020-06-21 12:26:24,321 INFO PERFORMANCE:|5|0|-1|-1

2020-06-21 12:28:07,136 INFO PERFORMANCE:|1|1|-1|-1

2020-06-21 12:33:07,139 INFO PERFORMANCE:|1|1|-1|-1

2020-06-21 12:38:07,140 INFO PERFORMANCE:|3|1|-1|-1

2020-06-21 12:43:07,140 INFO PERFORMANCE:|3|1|-1|-1

2020-06-21 12:48:07,141 INFO PERFORMANCE:|5|2|-1|-1

2020-06-21 12:53:07,142 INFO PERFORMANCE:|6|1|-1|-1

2020-06-21 12:58:07,143 INFO PERFORMANCE:|8|1|-1|-1

2020-06-21 13:03:07,145 INFO PERFORMANCE:|8|2|-1|-1

2020-06-21 13:08:07,147 INFO PERFORMANCE:|9|2|-1|-1

2020-06-21 13:13:07,148 INFO PERFORMANCE:|9|1|-1|-1

2020-06-21 13:18:07,149 INFO PERFORMANCE:|9|2|-1|-1

2020-06-21 14:59:57,769 INFO PERFORMANCE:|2|2|-1|-1

2020-06-21 15:05:42,912 INFO PERFORMANCE:|1|1|-1|-1

2020-06-21 15:10:42,913 INFO PERFORMANCE:|2|2|-1|-1

2020-06-21 15:15:42,913 INFO PERFORMANCE:|2|1|-1|-1

2020-06-21 15:20:42,914 INFO PERFORMANCE:|2|1|-1|-1

2020-06-21 15:25:42,915 INFO PERFORMANCE:|2|1|-1|-1

2020-06-21 15:30:42,916 INFO PERFORMANCE:|2|1|-1|-1

2020-06-21 15:35:42,917 INFO PERFORMANCE:|3|2|-1|-1

2020-06-21 15:40:42,918 INFO PERFORMANCE:|6|4|-1|-1

2020-06-21 15:45:42,919 INFO PERFORMANCE:|8|1|-1|-1

2020-06-21 15:50:42,920 INFO PERFORMANCE:|8|1|-1|-1

2020-06-21 15:55:42,921 INFO PERFORMANCE:|8|1|-1|-1

2020-06-21 16:00:42,922 INFO PERFORMANCE:|8|1|-1|-1

2020-06-21 16:05:42,924 INFO PERFORMANCE:|8|1|-1|-1

2020-06-21 16:10:42,926 INFO PERFORMANCE:|8|1|-1|-1

2020-06-21 16:15:42,928 INFO PERFORMANCE:|8|3|-1|-1

2020-06-21 16:20:42,928 INFO PERFORMANCE:|8|1|-1|-1

2020-06-21 16:25:42,929 INFO PERFORMANCE:|8|1|-1|-1

2020-06-21 16:30:42,931 INFO PERFORMANCE:|8|1|-1|-1

2020-06-21 16:35:42,933 INFO PERFORMANCE:|8|1|-1|-1

2020-06-21 16:40:42,934 INFO PERFORMANCE:|8|1|-1|-1

2020-06-21 16:45:42,936 INFO PERFORMANCE:|8|1|-1|-1

2020-06-21 16:50:42,938 INFO PERFORMANCE:|8|1|-1|-1

2020-06-21 16:55:42,939 INFO PERFORMANCE:|8|1|-1|-1

2020-06-21 17:00:42,939 INFO PERFORMANCE:|8|1|-1|-1

2020-06-21 17:05:42,941 INFO PERFORMANCE:|8|1|-1|-1

2020-06-21 17:10:42,943 INFO PERFORMANCE:|8|1|-1|-1

2020-06-21 17:15:42,944 INFO PERFORMANCE:|8|1|-1|-1

2020-06-21 17:20:42,946 INFO PERFORMANCE:|8|1|-1|-1

2020-06-21 17:25:42,947 INFO PERFORMANCE:|8|1|-1|-1

2020-06-21 17:30:42,947 INFO PERFORMANCE:|8|1|-1|-1

2020-06-21 17:35:42,948 INFO PERFORMANCE:|8|1|-1|-1

2020-06-21 17:40:42,949 INFO PERFORMANCE:|8|1|-1|-1

